<?xml version="1.0" encoding="UTF-8"?>
<testsuite name="dk.bankaccountsystem.service.ExchangeRateServiceTest" tests="1" skipped="0" failures="0" errors="0" timestamp="2024-06-09T11:16:33" hostname="BD-PF4MF5MQ" time="0.034">
  <properties/>
  <testcase name="getDkkToUsdExchangeRate()" classname="dk.bankaccountsystem.service.ExchangeRateServiceTest" time="0.034"/>
  <system-out><![CDATA[]]></system-out>
  <system-err><![CDATA[]]></system-err>
</testsuite>
