<?xml version="1.0" encoding="UTF-8"?>
<testsuite name="dk.bankaccountsystem.service.AccountServiceTest" tests="5" skipped="0" failures="0" errors="0" timestamp="2024-06-09T11:16:32" hostname="BD-PF4MF5MQ" time="0.786">
  <properties/>
  <testcase name="changeBalance_increaseBalance()" classname="dk.bankaccountsystem.service.AccountServiceTest" time="0.759"/>
  <testcase name="changeBalance_decreaseBalance()" classname="dk.bankaccountsystem.service.AccountServiceTest" time="0.003"/>
  <testcase name="transferBalance_success()" classname="dk.bankaccountsystem.service.AccountServiceTest" time="0.004"/>
  <testcase name="transferBalance_throw_whenAmountIsNegative()" classname="dk.bankaccountsystem.service.AccountServiceTest" time="0.011"/>
  <testcase name="createAccount()" classname="dk.bankaccountsystem.service.AccountServiceTest" time="0.002"/>
  <system-out><![CDATA[INFO: An older version of the XSD is specified in one or more changelog's <databaseChangeLog> header. This can lead to unexpected outcomes. If a specific XSD is not required, please replace all XSD version references with "-latest". Learn more at https://docs.liquibase.com
Running Changeset: db/changelog/001-create-account-table.xml::1::jonas
]]></system-out>
  <system-err><![CDATA[Jun 09, 2024 1:16:28 PM org.hibernate.Version logVersion
INFO: HHH000412: Hibernate ORM core version 5.6.15.Final
Jun 09, 2024 1:16:30 PM org.hibernate.jpa.internal.util.LogHelper logPersistenceUnitInformation
INFO: HHH000204: Processing PersistenceUnitInfo [name: <default>]
Jun 09, 2024 1:16:30 PM org.hibernate.Version logVersion
INFO: HHH000412: Hibernate ORM core version 5.6.15.Final
Jun 09, 2024 1:16:30 PM org.hibernate.annotations.common.reflection.java.JavaReflectionManager <clinit>
INFO: HCANN000001: Hibernate Commons Annotations {5.1.2.Final}
Jun 09, 2024 1:16:30 PM org.hibernate.dialect.Dialect <init>
INFO: HHH000400: Using dialect: org.hibernate.dialect.H2Dialect
Jun 09, 2024 1:16:31 PM liquibase.database
INFO: Set default schema name to PUBLIC
Jun 09, 2024 1:16:31 PM liquibase.lockservice
INFO: Successfully acquired change log lock
Jun 09, 2024 1:16:31 PM liquibase.parser
INFO: INFO: An older version of the XSD is specified in one or more changelog's <databaseChangeLog> header. This can lead to unexpected outcomes. If a specific XSD is not required, please replace all XSD version references with "-latest". Learn more at https://docs.liquibase.com
Jun 09, 2024 1:16:32 PM liquibase.changelog
INFO: Creating database history table with name: PUBLIC.DATABASECHANGELOG
Jun 09, 2024 1:16:32 PM liquibase.changelog
INFO: Table ACCOUNT created
Jun 09, 2024 1:16:32 PM liquibase.changelog
INFO: ChangeSet db/changelog/001-create-account-table.xml::1::jonas ran successfully in 4ms
Jun 09, 2024 1:16:32 PM liquibase.lockservice
INFO: Successfully released change log lock
Jun 09, 2024 1:16:32 PM liquibase.lockservice
INFO: Successfully released change log lock
Jun 09, 2024 1:16:32 PM io.quarkus.bootstrap.runner.Timing printStartupTime
INFO: bank-account-system 1.0.0-SNAPSHOT on JVM (powered by Quarkus 2.16.12.Final) started in 7.929s. Listening on: http://localhost:8081
Jun 09, 2024 1:16:32 PM io.quarkus.bootstrap.runner.Timing printStartupTime
INFO: Profile test activated. 
Jun 09, 2024 1:16:32 PM io.quarkus.bootstrap.runner.Timing printStartupTime
INFO: Installed features: [agroal, cdi, hibernate-orm, hibernate-orm-panache, jdbc-h2, liquibase, narayana-jta, rest-client-reactive, rest-client-reactive-jackson, resteasy-reactive, resteasy-reactive-jackson, smallrye-context-propagation, smallrye-openapi, swagger-ui, vertx]
]]></system-err>
</testsuite>
